<?xml version="1.0" encoding="UTF-8"?>
<!-- Generated by org.testng.reporters.JUnitReportReporter -->
<testsuite hostname="DESKTOP-JOKPPOG" failures="0" tests="1" name="TestRunner.RunnerTest" time="0.166" errors="0" timestamp="18 Jan 2024 07:02:07 GMT" skipped="0">
  <testcase classname="TestRunner.RunnerTest" name="runScenario" time="0.166"/>
</testsuite> <!-- TestRunner.RunnerTest -->
