<?xml version="1.0" encoding="UTF-8"?>
<!-- Generated by org.testng.reporters.JUnitReportReporter -->
<testsuite hostname="DESKTOP-JOKPPOG" failures="0" tests="2" name="TestRunner.RunnerTest" time="0.339" errors="0" timestamp="18 Jan 2024 07:38:47 GMT" skipped="0">
  <testcase classname="TestRunner.RunnerTest" name="runScenario" time="0.007"/>
  <testcase classname="TestRunner.RunnerTest" name="runScenario" time="0.332"/>
</testsuite> <!-- TestRunner.RunnerTest -->
